-------------------------------------------------------------------------------
Test set: pages.parts.CreatePart
-------------------------------------------------------------------------------
Tests run: 1, Failures: 1, Errors: 0, Skipped: 0, Time elapsed: 16.097 s <<< FAILURE! - in pages.parts.CreatePart
generateAllure(pages.parts.CreatePart)  Time elapsed: 15.909 s  <<< FAILURE!
java.lang.IllegalArgumentException: Input must be set

