-------------------------------------------------------------------------------
Test set: tests.Partsrelateditems.Addafabricatedparttoaclosedworkorder
-------------------------------------------------------------------------------
Tests run: 11, Failures: 2, Errors: 0, Skipped: 9, Time elapsed: 6.258 s <<< FAILURE! - in tests.Partsrelateditems.Addafabricatedparttoaclosedworkorder
initialization(tests.Partsrelateditems.Addafabricatedparttoaclosedworkorder)  Time elapsed: 5.315 s  <<< FAILURE!
java.io.FileNotFoundException: F:\GithubFinal\RefactorScript\src\test\java\utils\addafabricatedparttoaclosedworkorder\addafabricatedparttoaclosedworkorderEU.properties (The system cannot find the path specified)

generateAllure(tests.Partsrelateditems.Addafabricatedparttoaclosedworkorder)  Time elapsed: 0.102 s  <<< FAILURE!
java.lang.NullPointerException

