-------------------------------------------------------------------------------
Test set: tests.parts.Spotorderpart
-------------------------------------------------------------------------------
Tests run: 10, Failures: 1, Errors: 0, Skipped: 9, Time elapsed: 16.298 s <<< FAILURE! - in tests.parts.Spotorderpart
initialization(tests.parts.Spotorderpart)  Time elapsed: 5.191 s  <<< FAILURE!
java.io.FileNotFoundException: F:\RefactorScript\src\test\java\utils\spotorderpart\spotorderpartNA.properties (The system cannot find the path specified)

