-------------------------------------------------------------------------------
Test set: tests.fleet.UOMforpressureonInspectionInformation_ALLOWED
-------------------------------------------------------------------------------
Tests run: 7, Failures: 1, Errors: 0, Skipped: 6, Time elapsed: 16.684 s <<< FAILURE! - in tests.fleet.UOMforpressureonInspectionInformation_ALLOWED
initialization(tests.fleet.UOMforpressureonInspectionInformation_ALLOWED)  Time elapsed: 5.849 s  <<< FAILURE!
java.io.FileNotFoundException: F:\GithubFinal\RefactorScript\src\test\java\utils\uomforpressureoninspectioninformation_allowed\uomforpressureoninspectioninformation_allowedQA.properties (The system cannot find the path specified)

