-------------------------------------------------------------------------------
Test set: tests.parts.CounterSale
-------------------------------------------------------------------------------
Tests run: 8, Failures: 1, Errors: 0, Skipped: 7, Time elapsed: 16.869 s <<< FAILURE! - in tests.parts.CounterSale
initialization(tests.parts.CounterSale)  Time elapsed: 5.796 s  <<< FAILURE!
java.io.FileNotFoundException: F:\RefactorScript\src\test\java\utils\countersale\countersaleNA.properties (The system cannot find the file specified)

